<?xml version="1.0" encoding="UTF-8"?>
<!-- Generated by org.testng.reporters.JUnitXMLReporter -->
<testsuite ignored="0" hostname="QKSRVSH05" failures="0" tests="3" name="Surefire test" time="77.33" errors="0" timestamp="2021-05-23T11:31:32 IST">
  <testcase classname="PolicyBazaar.TermLifeInsurance.TestingTermLifeInsurance" name="testTermLifeInsurance" time="34.948"/>
  <testcase classname="PolicyBazaar.TermLifeInsurance.TestingTermLifeInsurance" name="testTermLifeInsurance" time="19.622"/>
  <testcase classname="PolicyBazaar.TermLifeInsurance.TestingTermLifeInsurance" name="testTermLifeInsurance" time="19.787"/>
</testsuite> <!-- Surefire test -->
