<?xml version="1.0" encoding="UTF-8"?>
<!-- Generated by org.testng.reporters.JUnitXMLReporter -->
<testsuite ignored="0" hostname="QKSRVSH05" failures="0" tests="3" name="Surefire test" time="105.207" errors="0" timestamp="2021-05-23T15:50:04 IST">
  <testcase classname="PolicyBazaar.TermLifeInsurance.TestingTermLifeInsurance" name="testTermLifeInsurance" time="34.816"/>
  <testcase classname="PolicyBazaar.TermLifeInsurance.TestingTermLifeInsurance" name="testTermLifeInsurance" time="31.174"/>
  <testcase classname="PolicyBazaar.TermLifeInsurance.TestingTermLifeInsurance" name="testTermLifeInsurance" time="36.264"/>
</testsuite> <!-- Surefire test -->
