<?xml version="1.0" encoding="UTF-8"?>
<!-- Generated by org.testng.reporters.JUnitXMLReporter -->
<testsuite ignored="0" hostname="QKSRVSH05" failures="0" tests="3" name="Default test" time="107.361" errors="0" timestamp="2021-05-23T16:01:54 IST">
  <testcase classname="PolicyBazaar.TermLifeInsurance.TestingTermLifeInsurance" name="testTermLifeInsurance" time="35.571"/>
  <testcase classname="PolicyBazaar.TermLifeInsurance.TestingTermLifeInsurance" name="testTermLifeInsurance" time="33.359"/>
  <testcase classname="PolicyBazaar.TermLifeInsurance.TestingTermLifeInsurance" name="testTermLifeInsurance" time="35.606"/>
</testsuite> <!-- Default test -->
