<?xml version="1.0" encoding="UTF-8"?>
<!-- Generated by org.testng.reporters.JUnitXMLReporter -->
<testsuite ignored="0" hostname="QKSRVSH05" failures="0" tests="3" name="Default test" time="104.97" errors="0" timestamp="2021-05-23T15:39:14 IST">
  <testcase classname="PolicyBazaar.TermLifeInsurance.TestingTermLifeInsurance" name="testTermLifeInsurance" time="34.808"/>
  <testcase classname="PolicyBazaar.TermLifeInsurance.TestingTermLifeInsurance" name="testTermLifeInsurance" time="33.134"/>
  <testcase classname="PolicyBazaar.TermLifeInsurance.TestingTermLifeInsurance" name="testTermLifeInsurance" time="34.074"/>
</testsuite> <!-- Default test -->
