<?xml version="1.0" encoding="UTF-8"?>
<testng-results ignored="0" total="3" passed="3" failed="0" skipped="0">
  <reporter-output>
  </reporter-output>
  <suite started-at="2021-05-23T11:23:55 IST" name="Default suite" finished-at="2021-05-23T11:25:13 IST" duration-ms="78531">
    <groups>
    </groups>
    <test started-at="2021-05-23T11:23:55 IST" name="Default test" finished-at="2021-05-23T11:25:13 IST" duration-ms="78531">
      <class name="PolicyBazaar.TermLifeInsurance.TestingTermLifeInsurance">
        <test-method is-config="true" signature="init()[pri:0, instance:PolicyBazaar.TermLifeInsurance.TestingTermLifeInsurance@ffaa6af]" started-at="2021-05-23T11:23:55 IST" name="init" finished-at="2021-05-23T11:23:57 IST" duration-ms="2250" status="PASS">
          <reporter-output>
          </reporter-output>
        </test-method> <!-- init -->
        <test-method signature="testTermLifeInsurance(java.lang.String,java.lang.String,java.lang.String,java.lang.String,java.lang.String,java.lang.String,java.lang.String,java.lang.String,java.lang.String,java.lang.String,java.lang.String,java.lang.String,java.lang.String,java.lang.String,java.lang.String,java.lang.String,java.lang.String,java.lang.String)[pri:0, instance:PolicyBazaar.TermLifeInsurance.TestingTermLifeInsurance@ffaa6af]" started-at="2021-05-23T11:23:58 IST" name="testTermLifeInsurance" data-provider="provideTestData" finished-at="2021-05-23T11:24:33 IST" duration-ms="35607" status="PASS">
          <params>
            <param index="0">
              <value>
                <![CDATA[ITerm-SCN003-TC001]]>
              </value>
            </param>
            <param index="1">
              <value>
                <![CDATA[M]]>
              </value>
            </param>
            <param index="2">
              <value>
                <![CDATA[Ram Pai]]>
              </value>
            </param>
            <param index="3">
              <value>
                <![CDATA[30/08/1981]]>
              </value>
            </param>
            <param index="4">
              <value>
                <![CDATA[8383883838]]>
              </value>
            </param>
            <param index="5">
              <value>
                <![CDATA[NO]]>
              </value>
            </param>
            <param index="6">
              <value>
                <![CDATA[15 Lac +]]>
              </value>
            </param>
            <param index="7">
              <value>
                <![CDATA[Salaried]]>
              </value>
            </param>
            <param index="8">
              <value>
                <![CDATA[College graduate & above]]>
              </value>
            </param>
            <param index="9">
              <value>
                <![CDATA[Life Protect]]>
              </value>
            </param>
            <param index="10">
              <value>
                <![CDATA[AegonLife@gmail.com]]>
              </value>
            </param>
            <param index="11">
              <value>
                <![CDATA[50000000]]>
              </value>
            </param>
            <param index="12">
              <value>
                <![CDATA[Post graduate]]>
              </value>
            </param>
            <param index="13">
              <value>
                <![CDATA[Salaried]]>
              </value>
            </param>
            <param index="14">
              <value>
                <![CDATA[Sales]]>
              </value>
            </param>
            <param index="15">
              <value>
                <![CDATA[Mumbai]]>
              </value>
            </param>
            <param index="16">
              <value>
                <![CDATA[401105]]>
              </value>
            </param>
            <param index="17">
              <value>
                <![CDATA[Resident Indian]]>
              </value>
            </param>
          </params>
          <reporter-output>
          </reporter-output>
        </test-method> <!-- testTermLifeInsurance -->
        <test-method signature="testTermLifeInsurance(java.lang.String,java.lang.String,java.lang.String,java.lang.String,java.lang.String,java.lang.String,java.lang.String,java.lang.String,java.lang.String,java.lang.String,java.lang.String,java.lang.String,java.lang.String,java.lang.String,java.lang.String,java.lang.String,java.lang.String,java.lang.String)[pri:0, instance:PolicyBazaar.TermLifeInsurance.TestingTermLifeInsurance@ffaa6af]" started-at="2021-05-23T11:24:33 IST" name="testTermLifeInsurance" data-provider="provideTestData" finished-at="2021-05-23T11:24:53 IST" duration-ms="20315" status="PASS">
          <params>
            <param index="0">
              <value>
                <![CDATA[ITerm-SCN001-TC001]]>
              </value>
            </param>
            <param index="1">
              <value>
                <![CDATA[M]]>
              </value>
            </param>
            <param index="2">
              <value>
                <![CDATA[Ram Pai]]>
              </value>
            </param>
            <param index="3">
              <value>
                <![CDATA[30/08/1981]]>
              </value>
            </param>
            <param index="4">
              <value>
                <![CDATA[8383883838]]>
              </value>
            </param>
            <param index="5">
              <value>
                <![CDATA[NO]]>
              </value>
            </param>
            <param index="6">
              <value>
                <![CDATA[15 Lac +]]>
              </value>
            </param>
            <param index="7">
              <value>
                <![CDATA[Self Employed]]>
              </value>
            </param>
            <param index="8">
              <value>
                <![CDATA[12th Pass]]>
              </value>
            </param>
            <param index="9">
              <value>
                <![CDATA[Protect Plus]]>
              </value>
            </param>
            <param index="10">
              <value>
                <![CDATA[AegonLife@gmail.com]]>
              </value>
            </param>
            <param index="11">
              <value>
                <![CDATA[50000000]]>
              </value>
            </param>
            <param index="12">
              <value>
                <![CDATA[12th or HSC Pass]]>
              </value>
            </param>
            <param index="13">
              <value>
                <![CDATA[Self employed(Business)]]>
              </value>
            </param>
            <param index="14">
              <value>
                <![CDATA[Freelancer]]>
              </value>
            </param>
            <param index="15">
              <value>
                <![CDATA[Thane]]>
              </value>
            </param>
            <param index="16">
              <value>
                <![CDATA[401105]]>
              </value>
            </param>
            <param index="17">
              <value>
                <![CDATA[Resident Indian]]>
              </value>
            </param>
          </params>
          <reporter-output>
          </reporter-output>
        </test-method> <!-- testTermLifeInsurance -->
        <test-method signature="testTermLifeInsurance(java.lang.String,java.lang.String,java.lang.String,java.lang.String,java.lang.String,java.lang.String,java.lang.String,java.lang.String,java.lang.String,java.lang.String,java.lang.String,java.lang.String,java.lang.String,java.lang.String,java.lang.String,java.lang.String,java.lang.String,java.lang.String)[pri:0, instance:PolicyBazaar.TermLifeInsurance.TestingTermLifeInsurance@ffaa6af]" started-at="2021-05-23T11:24:53 IST" name="testTermLifeInsurance" data-provider="provideTestData" finished-at="2021-05-23T11:25:13 IST" duration-ms="19751" status="PASS">
          <params>
            <param index="0">
              <value>
                <![CDATA[ITerm-SCN001-TC002]]>
              </value>
            </param>
            <param index="1">
              <value>
                <![CDATA[M]]>
              </value>
            </param>
            <param index="2">
              <value>
                <![CDATA[Ram Pai]]>
              </value>
            </param>
            <param index="3">
              <value>
                <![CDATA[30/08/1981]]>
              </value>
            </param>
            <param index="4">
              <value>
                <![CDATA[8383883838]]>
              </value>
            </param>
            <param index="5">
              <value>
                <![CDATA[NO]]>
              </value>
            </param>
            <param index="6">
              <value>
                <![CDATA[15 Lac +]]>
              </value>
            </param>
            <param index="7">
              <value>
                <![CDATA[Self Employed]]>
              </value>
            </param>
            <param index="8">
              <value>
                <![CDATA[12th Pass]]>
              </value>
            </param>
            <param index="9">
              <value>
                <![CDATA[Dual Protect]]>
              </value>
            </param>
            <param index="10">
              <value>
                <![CDATA[AegonLife@gmail.com]]>
              </value>
            </param>
            <param index="11">
              <value>
                <![CDATA[50000000]]>
              </value>
            </param>
            <param index="12">
              <value>
                <![CDATA[12th or HSC Pass]]>
              </value>
            </param>
            <param index="13">
              <value>
                <![CDATA[Self employed(Business)]]>
              </value>
            </param>
            <param index="14">
              <value>
                <![CDATA[Freelancer]]>
              </value>
            </param>
            <param index="15">
              <value>
                <![CDATA[Thane]]>
              </value>
            </param>
            <param index="16">
              <value>
                <![CDATA[401105]]>
              </value>
            </param>
            <param index="17">
              <value>
                <![CDATA[Resident Indian]]>
              </value>
            </param>
          </params>
          <reporter-output>
          </reporter-output>
        </test-method> <!-- testTermLifeInsurance -->
      </class> <!-- PolicyBazaar.TermLifeInsurance.TestingTermLifeInsurance -->
    </test> <!-- Default test -->
  </suite> <!-- Default suite -->
</testng-results>
